#
# A fatal error has been detected by the Java Runtime Environment:
#
#  EXCEPTION_ACCESS_VIOLATION (0xc0000005) at pc=0x00007ffbc410210a, pid=8608, tid=24412
#
# JRE version: Java(TM) SE Runtime Environment (17.0.6+9) (build 17.0.6+9-LTS-190)
# Java VM: Java HotSpot(TM) 64-Bit Server VM (17.0.6+9-LTS-190, mixed mode, sharing, tiered, compressed oops, compressed class ptrs, g1 gc, windows-amd64)
# Problematic frame:
# C  [ig9icd64.dll+0x65210a]
#
# No core dump will be written. Minidumps are not enabled by default on client versions of Windows
#
# If you would like to submit a bug report, please visit:
#   https://bugreport.java.com/bugreport/crash.jsp
# The crash happened outside the Java Virtual Machine in native code.
# See problematic frame for where to report the bug.
#

---------------  S U M M A R Y ------------

Command Line: -Dfile.encoding=windows-1252 -Duser.country=AU -Duser.language=en -Duser.variant com.csse3200.game.desktop.DesktopLauncher

Host: Intel(R) Core(TM) i7-8550U CPU @ 1.80GHz, 8 cores, 7G,  Windows 10 , 64 bit Build 19041 (10.0.19041.3393)
Time: Wed Oct 11 13:02:19 2023 E. Australia Standard Time elapsed time: 7.673256 seconds (0d 0h 0m 7s)

---------------  T H R E A D  ---------------

Current thread (0x000001c9824c1c00):  JavaThread "main" [_thread_in_native, id=24412, stack(0x0000001bbe300000,0x0000001bbe400000)]

Stack: [0x0000001bbe300000,0x0000001bbe400000],  sp=0x0000001bbe3fe040,  free space=1016k
Native frames: (J=compiled Java code, j=interpreted, Vv=VM code, C=native code)
C  [ig9icd64.dll+0x65210a]

Java frames: (J=compiled Java code, j=interpreted, Vv=VM code)
j  org.lwjgl.opengl.GL11C.glClear(I)V+0
j  org.lwjgl.opengl.GL11.glClear(I)V+1
j  com.badlogic.gdx.backends.lwjgl3.Lwjgl3GL20.glClear(I)V+1
j  com.csse3200.game.rendering.Renderer.render()V+22
j  com.csse3200.game.screens.MainMenuScreen.render(F)V+16
j  com.badlogic.gdx.Game.render()V+19
j  com.badlogic.gdx.backends.lwjgl3.Lwjgl3Window.update()Z+187
j  com.badlogic.gdx.backends.lwjgl3.Lwjgl3Application.loop()V+111
j  com.badlogic.gdx.backends.lwjgl3.Lwjgl3Application.<init>(Lcom/badlogic/gdx/ApplicationListener;Lcom/badlogic/gdx/backends/lwjgl3/Lwjgl3ApplicationConfiguration;)V+269
j  com.csse3200.game.desktop.DesktopLauncher.main([Ljava/lang/String;)V+20
v  ~StubRoutines::call_stub

siginfo: EXCEPTION_ACCESS_VIOLATION (0xc0000005), reading address 0x00000000000000f0


Register to memory mapping:

RIP=0x00007ffbc410210a ig9icd64.dll
RAX=0x00000000000000f0 is an unknown value
RBX=0x0 is NULL
RCX=0x0 is NULL
RDX=0x0000000000000440 is an unknown value
RSP=0x0000001bbe3fe040 is pointing into the stack for thread: 0x000001c9824c1c00
RBP=0x0000001bbe3fe140 is pointing into the stack for thread: 0x000001c9824c1c00
RSI=0x000001c9a2e29540 points into unknown readable memory: 0x000001c9a2dbcdc0 | c0 cd db a2 c9 01 00 00
RDI=0x0 is NULL
R8 =0x00000000000000f0 is an unknown value
R9 =0x000000000000001d is an unknown value
R10=0x0000000000000018 is an unknown value
R11=0x0000001bbe3fed20 is pointing into the stack for thread: 0x000001c9824c1c00
R12=0x0000001bbe3fe220 is pointing into the stack for thread: 0x000001c9824c1c00
R13=0x0000001bbe3feb80 is pointing into the stack for thread: 0x000001c9824c1c00
R14=0x0 is NULL
R15=0x0000000000000001 is an unknown value


Registers:
RAX=0x00000000000000f0, RBX=0x0000000000000000, RCX=0x0000000000000000, RDX=0x0000000000000440
RSP=0x0000001bbe3fe040, RBP=0x0000001bbe3fe140, RSI=0x000001c9a2e29540, RDI=0x0000000000000000
R8 =0x00000000000000f0, R9 =0x000000000000001d, R10=0x0000000000000018, R11=0x0000001bbe3fed20
R12=0x0000001bbe3fe220, R13=0x0000001bbe3feb80, R14=0x0000000000000000, R15=0x0000000000000001
RIP=0x00007ffbc410210a, EFLAGS=0x0000000000010206

Top of Stack: (sp=0x0000001bbe3fe040)
0x0000001bbe3fe040:   0000000000000000 000001c9a2e29540
0x0000001bbe3fe050:   000001c9a2e29500 000001c9a2e29540
0x0000001bbe3fe060:   000c400000000000 0000000000000000
0x0000001bbe3fe070:   000000010000001d 0000000300000000
0x0000001bbe3fe080:   000c400000000004 000017fdfe0f1ae7
0x0000001bbe3fe090:   000001c9a2e29540 00007ffbc3b34142
0x0000001bbe3fe0a0:   000001c9a2e5e5c0 0000000000000000
0x0000001bbe3fe0b0:   0000001da2e50000 0000000000000000
0x0000001bbe3fe0c0:   0000001bbe3fe220 000001c9a0571de0
0x0000001bbe3fe0d0:   0000000000000000 0000000000000000
0x0000001bbe3fe0e0:   0000000000000000 0000000000000000
0x0000001bbe3fe0f0:   0000000000000000 00007ffbc404a955
0x0000001bbe3fe100:   0000000000000000 0000000000000000
0x0000001bbe3fe110:   0000000000000000 000001c9a3405738
0x0000001bbe3fe120:   000001c9a333b710 0000000000000000
0x0000001bbe3fe130:   0000000000000000 0000000000000000 

Instructions: (pc=0x00007ffbc410210a)
0x00007ffbc410200a:   04 8b c1 eb 53 8d 51 f0 8b c2 c1 e8 04 83 f8 03
0x00007ffbc410201a:   73 1e 0f ae e8 83 e2 0f 4d 8b 84 c1 00 04 00 00
0x00007ffbc410202a:   4d 85 c0 74 24 8b c2 48 c1 e0 06 49 03 c0 eb 2f
0x00007ffbc410203a:   49 8b 81 18 04 00 00 48 85 c0 74 0d 39 08 74 29
0x00007ffbc410204a:   48 8b 40 48 48 85 c0 75 f3 41 80 b9 20 04 00 00
0x00007ffbc410205a:   00 74 1c 8b c1 83 e0 0f 48 c1 e0 06 49 03 c1 48
0x00007ffbc410206a:   85 c0 74 0b 48 8b 08 eb 09 48 83 c0 08 eb f0 49
0x00007ffbc410207a:   8b ce 48 8b 86 30 49 03 00 48 3b 88 48 01 00 00
0x00007ffbc410208a:   0f 87 9c 00 00 00 8b 8e 60 92 03 00 4c 8b 44 24
0x00007ffbc410209a:   78 49 81 c0 f0 00 00 00 83 f9 10 73 04 8b c1 eb
0x00007ffbc41020aa:   53 8d 51 f0 8b c2 c1 e8 04 83 f8 03 73 1e 0f ae
0x00007ffbc41020ba:   e8 83 e2 0f 4d 8b 8c c0 00 04 00 00 4d 85 c9 74
0x00007ffbc41020ca:   24 8b c2 48 c1 e0 06 49 03 c1 eb 2f 49 8b 80 18
0x00007ffbc41020da:   04 00 00 48 85 c0 74 0d 39 08 74 29 48 8b 40 48
0x00007ffbc41020ea:   48 85 c0 75 f3 41 80 b8 20 04 00 00 00 74 1c 8b
0x00007ffbc41020fa:   c1 83 e0 0f 48 c1 e0 06 49 03 c0 48 85 c0 74 0b
0x00007ffbc410210a:   48 8b 08 eb 09 48 83 c0 08 eb f0 49 8b ce 48 8b
0x00007ffbc410211a:   86 30 49 03 00 48 3b 88 48 01 00 00 0f 86 5e 01
0x00007ffbc410212a:   00 00 65 48 8b 14 25 58 00 00 00 8b 05 0d 68 8a
0x00007ffbc410213a:   00 48 8b 04 c2 41 8b 0c 02 39 0d 6f 09 8b 00 0f
0x00007ffbc410214a:   8e b6 00 00 00 48 8d 0d 62 09 8b 00 e8 8d 56 e9
0x00007ffbc410215a:   ff 83 3d 56 09 8b 00 ff 0f 85 9d 00 00 00 4c 89
0x00007ffbc410216a:   b5 98 02 00 00 c7 85 9c 02 00 00 00 04 00 00 4c
0x00007ffbc410217a:   89 b5 80 02 00 00 c7 85 84 02 00 00 04 00 00 00
0x00007ffbc410218a:   4c 89 b5 08 05 00 00 c7 85 0c 05 00 00 08 00 00
0x00007ffbc410219a:   00 4c 89 b5 f0 04 00 00 c7 85 f4 04 00 00 10 00
0x00007ffbc41021aa:   00 00 4c 89 b5 d0 03 00 00 c7 85 d4 03 00 00 00
0x00007ffbc41021ba:   00 10 00 48 8b 85 d0 03 00 00 48 0b 85 f0 04 00
0x00007ffbc41021ca:   00 48 0b 85 08 05 00 00 48 0b 85 80 02 00 00 48
0x00007ffbc41021da:   0b 85 98 02 00 00 48 c7 05 dd 08 8b 00 00 00 00
0x00007ffbc41021ea:   00 4c 89 35 de 08 8b 00 48 89 05 c7 08 8b 00 48
0x00007ffbc41021fa:   8d 0d b8 08 8b 00 e8 77 55 e9 ff 48 8b 8e d8 86 


Stack slot to memory mapping:
stack at sp + 0 slots: 0x0 is NULL
stack at sp + 1 slots: 0x000001c9a2e29540 points into unknown readable memory: 0x000001c9a2dbcdc0 | c0 cd db a2 c9 01 00 00
stack at sp + 2 slots: 0x000001c9a2e29500 points into unknown readable memory: 0x0000000000004000 | 00 40 00 00 00 00 00 00
stack at sp + 3 slots: 0x000001c9a2e29540 points into unknown readable memory: 0x000001c9a2dbcdc0 | c0 cd db a2 c9 01 00 00
stack at sp + 4 slots: 0x000c400000000000 is an unknown value
stack at sp + 5 slots: 0x0 is NULL
stack at sp + 6 slots: 0x000000010000001d is an unknown value
stack at sp + 7 slots: 0x0000000300000000 is an unknown value


---------------  P R O C E S S  ---------------

Threads class SMR info:
_java_thread_list=0x000001c9a32f0e80, length=13, elements={
0x000001c9824c1c00, 0x000001c9a051a5b0, 0x000001c9a051be40, 0x000001c9a052f9f0,
0x000001c9a05334c0, 0x000001c9a0533e70, 0x000001c9a053c830, 0x000001c9a053d5c0,
0x000001c9a0541560, 0x000001c9a054cf40, 0x000001c9a10cfed0, 0x000001c9a10cfa00,
0x000001c9a10cf530
}

Java Threads: ( => current thread )
=>0x000001c9824c1c00 JavaThread "main" [_thread_in_native, id=24412, stack(0x0000001bbe300000,0x0000001bbe400000)]
  0x000001c9a051a5b0 JavaThread "Reference Handler" daemon [_thread_blocked, id=532, stack(0x0000001bbea00000,0x0000001bbeb00000)]
  0x000001c9a051be40 JavaThread "Finalizer" daemon [_thread_blocked, id=8856, stack(0x0000001bbeb00000,0x0000001bbec00000)]
  0x000001c9a052f9f0 JavaThread "Signal Dispatcher" daemon [_thread_blocked, id=10556, stack(0x0000001bbec00000,0x0000001bbed00000)]
  0x000001c9a05334c0 JavaThread "Attach Listener" daemon [_thread_blocked, id=13980, stack(0x0000001bbed00000,0x0000001bbee00000)]
  0x000001c9a0533e70 JavaThread "Service Thread" daemon [_thread_blocked, id=1040, stack(0x0000001bbee00000,0x0000001bbef00000)]
  0x000001c9a053c830 JavaThread "Monitor Deflation Thread" daemon [_thread_blocked, id=13964, stack(0x0000001bbef00000,0x0000001bbf000000)]
  0x000001c9a053d5c0 JavaThread "C2 CompilerThread0" daemon [_thread_blocked, id=24732, stack(0x0000001bbf000000,0x0000001bbf100000)]
  0x000001c9a0541560 JavaThread "C1 CompilerThread0" daemon [_thread_blocked, id=26424, stack(0x0000001bbf100000,0x0000001bbf200000)]
  0x000001c9a054cf40 JavaThread "Sweeper thread" daemon [_thread_blocked, id=17312, stack(0x0000001bbf200000,0x0000001bbf300000)]
  0x000001c9a10cfed0 JavaThread "Notification Thread" daemon [_thread_blocked, id=9312, stack(0x0000001bbf300000,0x0000001bbf400000)]
  0x000001c9a10cfa00 JavaThread "Common-Cleaner" daemon [_thread_blocked, id=1380, stack(0x0000001bbf500000,0x0000001bbf600000)]
  0x000001c9a10cf530 JavaThread "AssetManager" daemon [_thread_blocked, id=20144, stack(0x0000001bbff00000,0x0000001bc0000000)]

Other Threads:
  0x000001c9a05138b0 VMThread "VM Thread" [stack: 0x0000001bbe900000,0x0000001bbea00000] [id=14804]
  0x000001c9825368f0 WatcherThread [stack: 0x0000001bbf400000,0x0000001bbf500000] [id=7592]
  0x000001c98251c340 GCTaskThread "GC Thread#0" [stack: 0x0000001bbe400000,0x0000001bbe500000] [id=25336]
  0x000001c9a32ec030 GCTaskThread "GC Thread#1" [stack: 0x0000001bc0000000,0x0000001bc0100000] [id=22632]
  0x000001c9a332b810 GCTaskThread "GC Thread#2" [stack: 0x0000001bc0100000,0x0000001bc0200000] [id=7864]
  0x000001c9a3319960 GCTaskThread "GC Thread#3" [stack: 0x0000001bc0200000,0x0000001bc0300000] [id=25152]
  0x000001c9a3319c10 GCTaskThread "GC Thread#4" [stack: 0x0000001bc0300000,0x0000001bc0400000] [id=16892]
  0x000001c9a33a4280 GCTaskThread "GC Thread#5" [stack: 0x0000001bc0400000,0x0000001bc0500000] [id=10564]
  0x000001c9a33a4530 GCTaskThread "GC Thread#6" [stack: 0x0000001bc0500000,0x0000001bc0600000] [id=564]
  0x000001c9a33a47e0 GCTaskThread "GC Thread#7" [stack: 0x0000001bc0600000,0x0000001bc0700000] [id=25048]
  0x000001c98252e5a0 ConcurrentGCThread "G1 Main Marker" [stack: 0x0000001bbe500000,0x0000001bbe600000] [id=13072]
  0x000001c98252efb0 ConcurrentGCThread "G1 Conc#0" [stack: 0x0000001bbe600000,0x0000001bbe700000] [id=21276]
  0x000001c9a03d24c0 ConcurrentGCThread "G1 Refine#0" [stack: 0x0000001bbe700000,0x0000001bbe800000] [id=9928]
  0x000001c9a03d2ee0 ConcurrentGCThread "G1 Service" [stack: 0x0000001bbe800000,0x0000001bbe900000] [id=19600]

Threads with active compile tasks:

VM state: not at safepoint (normal execution)

VM Mutex/Monitor currently owned by a thread: None

Heap address: 0x0000000082800000, size: 2008 MB, Compressed Oops mode: 32-bit

CDS archive(s) mapped at: [0x0000000800000000-0x0000000800bd0000-0x0000000800bd0000), size 12386304, SharedBaseAddress: 0x0000000800000000, ArchiveRelocationMode: 0.
Compressed class space mapped at: 0x0000000800c00000-0x0000000840c00000, reserved size: 1073741824
Narrow klass base: 0x0000000800000000, Narrow klass shift: 0, Narrow klass range: 0x100000000

GC Precious Log:
 CPUs: 8 total, 8 available
 Memory: 8025M
 Large Page Support: Disabled
 NUMA Support: Disabled
 Compressed Oops: Enabled (32-bit)
 Heap Region Size: 1M
 Heap Min Capacity: 8M
 Heap Initial Capacity: 126M
 Heap Max Capacity: 2008M
 Pre-touch: Disabled
 Parallel Workers: 8
 Concurrent Workers: 2
 Concurrent Refinement Workers: 8
 Periodic GC: Disabled

Heap:
 garbage-first heap   total 129024K, used 15855K [0x0000000082800000, 0x0000000100000000)
  region size 1024K, 17 young (17408K), 3 survivors (3072K)
 Metaspace       used 7749K, committed 7872K, reserved 1064960K
  class space    used 648K, committed 704K, reserved 1048576K

Heap Regions: E=young(eden), S=young(survivor), O=old, HS=humongous(starts), HC=humongous(continues), CS=collection set, F=free, OA=open archive, CA=closed archive, TAMS=top-at-mark-start (previous, next)
|   0|0x0000000082800000, 0x000000008287bc00, 0x0000000082900000| 48%| O|  |TAMS 0x0000000082800000, 0x0000000082800000| Untracked 
|   1|0x0000000082900000, 0x0000000082900000, 0x0000000082a00000|  0%| F|  |TAMS 0x0000000082900000, 0x0000000082900000| Untracked 
|   2|0x0000000082a00000, 0x0000000082a00000, 0x0000000082b00000|  0%| F|  |TAMS 0x0000000082a00000, 0x0000000082a00000| Untracked 
|   3|0x0000000082b00000, 0x0000000082b00000, 0x0000000082c00000|  0%| F|  |TAMS 0x0000000082b00000, 0x0000000082b00000| Untracked 
|   4|0x0000000082c00000, 0x0000000082c00000, 0x0000000082d00000|  0%| F|  |TAMS 0x0000000082c00000, 0x0000000082c00000| Untracked 
|   5|0x0000000082d00000, 0x0000000082d00000, 0x0000000082e00000|  0%| F|  |TAMS 0x0000000082d00000, 0x0000000082d00000| Untracked 
|   6|0x0000000082e00000, 0x0000000082e00000, 0x0000000082f00000|  0%| F|  |TAMS 0x0000000082e00000, 0x0000000082e00000| Untracked 
|   7|0x0000000082f00000, 0x0000000082f00000, 0x0000000083000000|  0%| F|  |TAMS 0x0000000082f00000, 0x0000000082f00000| Untracked 
|   8|0x0000000083000000, 0x0000000083000000, 0x0000000083100000|  0%| F|  |TAMS 0x0000000083000000, 0x0000000083000000| Untracked 
|   9|0x0000000083100000, 0x0000000083100000, 0x0000000083200000|  0%| F|  |TAMS 0x0000000083100000, 0x0000000083100000| Untracked 
|  10|0x0000000083200000, 0x0000000083200000, 0x0000000083300000|  0%| F|  |TAMS 0x0000000083200000, 0x0000000083200000| Untracked 
|  11|0x0000000083300000, 0x0000000083300000, 0x0000000083400000|  0%| F|  |TAMS 0x0000000083300000, 0x0000000083300000| Untracked 
|  12|0x0000000083400000, 0x0000000083400000, 0x0000000083500000|  0%| F|  |TAMS 0x0000000083400000, 0x0000000083400000| Untracked 
|  13|0x0000000083500000, 0x0000000083500000, 0x0000000083600000|  0%| F|  |TAMS 0x0000000083500000, 0x0000000083500000| Untracked 
|  14|0x0000000083600000, 0x0000000083600000, 0x0000000083700000|  0%| F|  |TAMS 0x0000000083600000, 0x0000000083600000| Untracked 
|  15|0x0000000083700000, 0x0000000083700000, 0x0000000083800000|  0%| F|  |TAMS 0x0000000083700000, 0x0000000083700000| Untracked 
|  16|0x0000000083800000, 0x0000000083800000, 0x0000000083900000|  0%| F|  |TAMS 0x0000000083800000, 0x0000000083800000| Untracked 
|  17|0x0000000083900000, 0x0000000083900000, 0x0000000083a00000|  0%| F|  |TAMS 0x0000000083900000, 0x0000000083900000| Untracked 
|  18|0x0000000083a00000, 0x0000000083a00000, 0x0000000083b00000|  0%| F|  |TAMS 0x0000000083a00000, 0x0000000083a00000| Untracked 
|  19|0x0000000083b00000, 0x0000000083b00000, 0x0000000083c00000|  0%| F|  |TAMS 0x0000000083b00000, 0x0000000083b00000| Untracked 
|  20|0x0000000083c00000, 0x0000000083c00000, 0x0000000083d00000|  0%| F|  |TAMS 0x0000000083c00000, 0x0000000083c00000| Untracked 
|  21|0x0000000083d00000, 0x0000000083d00000, 0x0000000083e00000|  0%| F|  |TAMS 0x0000000083d00000, 0x0000000083d00000| Untracked 
|  22|0x0000000083e00000, 0x0000000083e00000, 0x0000000083f00000|  0%| F|  |TAMS 0x0000000083e00000, 0x0000000083e00000| Untracked 
|  23|0x0000000083f00000, 0x0000000083f00000, 0x0000000084000000|  0%| F|  |TAMS 0x0000000083f00000, 0x0000000083f00000| Untracked 
|  24|0x0000000084000000, 0x0000000084000000, 0x0000000084100000|  0%| F|  |TAMS 0x0000000084000000, 0x0000000084000000| Untracked 
|  25|0x0000000084100000, 0x0000000084100000, 0x0000000084200000|  0%| F|  |TAMS 0x0000000084100000, 0x0000000084100000| Untracked 
|  26|0x0000000084200000, 0x0000000084200000, 0x0000000084300000|  0%| F|  |TAMS 0x0000000084200000, 0x0000000084200000| Untracked 
|  27|0x0000000084300000, 0x0000000084300000, 0x0000000084400000|  0%| F|  |TAMS 0x0000000084300000, 0x0000000084300000| Untracked 
|  28|0x0000000084400000, 0x0000000084400000, 0x0000000084500000|  0%| F|  |TAMS 0x0000000084400000, 0x0000000084400000| Untracked 
|  29|0x0000000084500000, 0x0000000084500000, 0x0000000084600000|  0%| F|  |TAMS 0x0000000084500000, 0x0000000084500000| Untracked 
|  30|0x0000000084600000, 0x0000000084600000, 0x0000000084700000|  0%| F|  |TAMS 0x0000000084600000, 0x0000000084600000| Untracked 
|  31|0x0000000084700000, 0x0000000084700000, 0x0000000084800000|  0%| F|  |TAMS 0x0000000084700000, 0x0000000084700000| Untracked 
|  32|0x0000000084800000, 0x0000000084800000, 0x0000000084900000|  0%| F|  |TAMS 0x0000000084800000, 0x0000000084800000| Untracked 
|  33|0x0000000084900000, 0x0000000084900000, 0x0000000084a00000|  0%| F|  |TAMS 0x0000000084900000, 0x0000000084900000| Untracked 
|  34|0x0000000084a00000, 0x0000000084a00000, 0x0000000084b00000|  0%| F|  |TAMS 0x0000000084a00000, 0x0000000084a00000| Untracked 
|  35|0x0000000084b00000, 0x0000000084b00000, 0x0000000084c00000|  0%| F|  |TAMS 0x0000000084b00000, 0x0000000084b00000| Untracked 
|  36|0x0000000084c00000, 0x0000000084c00000, 0x0000000084d00000|  0%| F|  |TAMS 0x0000000084c00000, 0x0000000084c00000| Untracked 
|  37|0x0000000084d00000, 0x0000000084d00000, 0x0000000084e00000|  0%| F|  |TAMS 0x0000000084d00000, 0x0000000084d00000| Untracked 
|  38|0x0000000084e00000, 0x0000000084e00000, 0x0000000084f00000|  0%| F|  |TAMS 0x0000000084e00000, 0x0000000084e00000| Untracked 
|  39|0x0000000084f00000, 0x0000000084f00000, 0x0000000085000000|  0%| F|  |TAMS 0x0000000084f00000, 0x0000000084f00000| Untracked 
|  40|0x0000000085000000, 0x0000000085000000, 0x0000000085100000|  0%| F|  |TAMS 0x0000000085000000, 0x0000000085000000| Untracked 
|  41|0x0000000085100000, 0x0000000085100000, 0x0000000085200000|  0%| F|  |TAMS 0x0000000085100000, 0x0000000085100000| Untracked 
|  42|0x0000000085200000, 0x0000000085200000, 0x0000000085300000|  0%| F|  |TAMS 0x0000000085200000, 0x0000000085200000| Untracked 
|  43|0x0000000085300000, 0x0000000085300000, 0x0000000085400000|  0%| F|  |TAMS 0x0000000085300000, 0x0000000085300000| Untracked 
|  44|0x0000000085400000, 0x0000000085400000, 0x0000000085500000|  0%| F|  |TAMS 0x0000000085400000, 0x0000000085400000| Untracked 
|  45|0x0000000085500000, 0x0000000085500000, 0x0000000085600000|  0%| F|  |TAMS 0x0000000085500000, 0x0000000085500000| Untracked 
|  46|0x0000000085600000, 0x0000000085600000, 0x0000000085700000|  0%| F|  |TAMS 0x0000000085600000, 0x0000000085600000| Untracked 
|  47|0x0000000085700000, 0x0000000085700000, 0x0000000085800000|  0%| F|  |TAMS 0x0000000085700000, 0x0000000085700000| Untracked 
|  48|0x0000000085800000, 0x0000000085800000, 0x0000000085900000|  0%| F|  |TAMS 0x0000000085800000, 0x0000000085800000| Untracked 
|  49|0x0000000085900000, 0x0000000085900000, 0x0000000085a00000|  0%| F|  |TAMS 0x0000000085900000, 0x0000000085900000| Untracked 
|  50|0x0000000085a00000, 0x0000000085a00000, 0x0000000085b00000|  0%| F|  |TAMS 0x0000000085a00000, 0x0000000085a00000| Untracked 
|  51|0x0000000085b00000, 0x0000000085b00000, 0x0000000085c00000|  0%| F|  |TAMS 0x0000000085b00000, 0x0000000085b00000| Untracked 
|  52|0x0000000085c00000, 0x0000000085c00000, 0x0000000085d00000|  0%| F|  |TAMS 0x0000000085c00000, 0x0000000085c00000| Untracked 
|  53|0x0000000085d00000, 0x0000000085d00000, 0x0000000085e00000|  0%| F|  |TAMS 0x0000000085d00000, 0x0000000085d00000| Untracked 
|  54|0x0000000085e00000, 0x0000000085e00000, 0x0000000085f00000|  0%| F|  |TAMS 0x0000000085e00000, 0x0000000085e00000| Untracked 
|  55|0x0000000085f00000, 0x0000000085f00000, 0x0000000086000000|  0%| F|  |TAMS 0x0000000085f00000, 0x0000000085f00000| Untracked 
|  56|0x0000000086000000, 0x0000000086000000, 0x0000000086100000|  0%| F|  |TAMS 0x0000000086000000, 0x0000000086000000| Untracked 
|  57|0x0000000086100000, 0x0000000086100000, 0x0000000086200000|  0%| F|  |TAMS 0x0000000086100000, 0x0000000086100000| Untracked 
|  58|0x0000000086200000, 0x0000000086200000, 0x0000000086300000|  0%| F|  |TAMS 0x0000000086200000, 0x0000000086200000| Untracked 
|  59|0x0000000086300000, 0x0000000086300000, 0x0000000086400000|  0%| F|  |TAMS 0x0000000086300000, 0x0000000086300000| Untracked 
|  60|0x0000000086400000, 0x0000000086400000, 0x0000000086500000|  0%| F|  |TAMS 0x0000000086400000, 0x0000000086400000| Untracked 
|  61|0x0000000086500000, 0x0000000086500000, 0x0000000086600000|  0%| F|  |TAMS 0x0000000086500000, 0x0000000086500000| Untracked 
|  62|0x0000000086600000, 0x0000000086600000, 0x0000000086700000|  0%| F|  |TAMS 0x0000000086600000, 0x0000000086600000| Untracked 
|  63|0x0000000086700000, 0x0000000086700000, 0x0000000086800000|  0%| F|  |TAMS 0x0000000086700000, 0x0000000086700000| Untracked 
|  64|0x0000000086800000, 0x0000000086800000, 0x0000000086900000|  0%| F|  |TAMS 0x0000000086800000, 0x0000000086800000| Untracked 
|  65|0x0000000086900000, 0x0000000086900000, 0x0000000086a00000|  0%| F|  |TAMS 0x0000000086900000, 0x0000000086900000| Untracked 
|  66|0x0000000086a00000, 0x0000000086a00000, 0x0000000086b00000|  0%| F|  |TAMS 0x0000000086a00000, 0x0000000086a00000| Untracked 
|  67|0x0000000086b00000, 0x0000000086b00000, 0x0000000086c00000|  0%| F|  |TAMS 0x0000000086b00000, 0x0000000086b00000| Untracked 
|  68|0x0000000086c00000, 0x0000000086c00000, 0x0000000086d00000|  0%| F|  |TAMS 0x0000000086c00000, 0x0000000086c00000| Untracked 
|  69|0x0000000086d00000, 0x0000000086d00000, 0x0000000086e00000|  0%| F|  |TAMS 0x0000000086d00000, 0x0000000086d00000| Untracked 
|  70|0x0000000086e00000, 0x0000000086e00000, 0x0000000086f00000|  0%| F|  |TAMS 0x0000000086e00000, 0x0000000086e00000| Untracked 
|  71|0x0000000086f00000, 0x0000000086f00000, 0x0000000087000000|  0%| F|  |TAMS 0x0000000086f00000, 0x0000000086f00000| Untracked 
|  72|0x0000000087000000, 0x0000000087000000, 0x0000000087100000|  0%| F|  |TAMS 0x0000000087000000, 0x0000000087000000| Untracked 
|  73|0x0000000087100000, 0x0000000087100000, 0x0000000087200000|  0%| F|  |TAMS 0x0000000087100000, 0x0000000087100000| Untracked 
|  74|0x0000000087200000, 0x0000000087200000, 0x0000000087300000|  0%| F|  |TAMS 0x0000000087200000, 0x0000000087200000| Untracked 
|  75|0x0000000087300000, 0x0000000087300000, 0x0000000087400000|  0%| F|  |TAMS 0x0000000087300000, 0x0000000087300000| Untracked 
|  76|0x0000000087400000, 0x0000000087400000, 0x0000000087500000|  0%| F|  |TAMS 0x0000000087400000, 0x0000000087400000| Untracked 
|  77|0x0000000087500000, 0x0000000087500000, 0x0000000087600000|  0%| F|  |TAMS 0x0000000087500000, 0x0000000087500000| Untracked 
|  78|0x0000000087600000, 0x0000000087600000, 0x0000000087700000|  0%| F|  |TAMS 0x0000000087600000, 0x0000000087600000| Untracked 
|  79|0x0000000087700000, 0x0000000087700000, 0x0000000087800000|  0%| F|  |TAMS 0x0000000087700000, 0x0000000087700000| Untracked 
|  80|0x0000000087800000, 0x0000000087800000, 0x0000000087900000|  0%| F|  |TAMS 0x0000000087800000, 0x0000000087800000| Untracked 
|  81|0x0000000087900000, 0x0000000087900000, 0x0000000087a00000|  0%| F|  |TAMS 0x0000000087900000, 0x0000000087900000| Untracked 
|  82|0x0000000087a00000, 0x0000000087a00000, 0x0000000087b00000|  0%| F|  |TAMS 0x0000000087a00000, 0x0000000087a00000| Untracked 
|  83|0x0000000087b00000, 0x0000000087b00000, 0x0000000087c00000|  0%| F|  |TAMS 0x0000000087b00000, 0x0000000087b00000| Untracked 
|  84|0x0000000087c00000, 0x0000000087c00000, 0x0000000087d00000|  0%| F|  |TAMS 0x0000000087c00000, 0x0000000087c00000| Untracked 
|  85|0x0000000087d00000, 0x0000000087d00000, 0x0000000087e00000|  0%| F|  |TAMS 0x0000000087d00000, 0x0000000087d00000| Untracked 
|  86|0x0000000087e00000, 0x0000000087e00000, 0x0000000087f00000|  0%| F|  |TAMS 0x0000000087e00000, 0x0000000087e00000| Untracked 
|  87|0x0000000087f00000, 0x0000000087f00000, 0x0000000088000000|  0%| F|  |TAMS 0x0000000087f00000, 0x0000000087f00000| Untracked 
|  88|0x0000000088000000, 0x0000000088000000, 0x0000000088100000|  0%| F|  |TAMS 0x0000000088000000, 0x0000000088000000| Untracked 
|  89|0x0000000088100000, 0x0000000088100000, 0x0000000088200000|  0%| F|  |TAMS 0x0000000088100000, 0x0000000088100000| Untracked 
|  90|0x0000000088200000, 0x0000000088200000, 0x0000000088300000|  0%| F|  |TAMS 0x0000000088200000, 0x0000000088200000| Untracked 
|  91|0x0000000088300000, 0x0000000088300000, 0x0000000088400000|  0%| F|  |TAMS 0x0000000088300000, 0x0000000088300000| Untracked 
|  92|0x0000000088400000, 0x0000000088400000, 0x0000000088500000|  0%| F|  |TAMS 0x0000000088400000, 0x0000000088400000| Untracked 
|  93|0x0000000088500000, 0x0000000088500000, 0x0000000088600000|  0%| F|  |TAMS 0x0000000088500000, 0x0000000088500000| Untracked 
|  94|0x0000000088600000, 0x0000000088600000, 0x0000000088700000|  0%| F|  |TAMS 0x0000000088600000, 0x0000000088600000| Untracked 
|  95|0x0000000088700000, 0x0000000088700000, 0x0000000088800000|  0%| F|  |TAMS 0x0000000088700000, 0x0000000088700000| Untracked 
|  96|0x0000000088800000, 0x0000000088800000, 0x0000000088900000|  0%| F|  |TAMS 0x0000000088800000, 0x0000000088800000| Untracked 
|  97|0x0000000088900000, 0x0000000088900000, 0x0000000088a00000|  0%| F|  |TAMS 0x0000000088900000, 0x0000000088900000| Untracked 
|  98|0x0000000088a00000, 0x0000000088a00000, 0x0000000088b00000|  0%| F|  |TAMS 0x0000000088a00000, 0x0000000088a00000| Untracked 
|  99|0x0000000088b00000, 0x0000000088b00000, 0x0000000088c00000|  0%| F|  |TAMS 0x0000000088b00000, 0x0000000088b00000| Untracked 
| 100|0x0000000088c00000, 0x0000000088d00000, 0x0000000088d00000|100%| S|CS|TAMS 0x0000000088c00000, 0x0000000088c00000| Complete 
| 101|0x0000000088d00000, 0x0000000088e00000, 0x0000000088e00000|100%| S|CS|TAMS 0x0000000088d00000, 0x0000000088d00000| Complete 
| 102|0x0000000088e00000, 0x0000000088f00000, 0x0000000088f00000|100%| S|CS|TAMS 0x0000000088e00000, 0x0000000088e00000| Complete 
| 103|0x0000000088f00000, 0x0000000088f00000, 0x0000000089000000|  0%| F|  |TAMS 0x0000000088f00000, 0x0000000088f00000| Untracked 
| 104|0x0000000089000000, 0x0000000089000000, 0x0000000089100000|  0%| F|  |TAMS 0x0000000089000000, 0x0000000089000000| Untracked 
| 105|0x0000000089100000, 0x0000000089100000, 0x0000000089200000|  0%| F|  |TAMS 0x0000000089100000, 0x0000000089100000| Untracked 
| 106|0x0000000089200000, 0x0000000089200000, 0x0000000089300000|  0%| F|  |TAMS 0x0000000089200000, 0x0000000089200000| Untracked 
| 107|0x0000000089300000, 0x0000000089300000, 0x0000000089400000|  0%| F|  |TAMS 0x0000000089300000, 0x0000000089300000| Untracked 
| 108|0x0000000089400000, 0x0000000089400000, 0x0000000089500000|  0%| F|  |TAMS 0x0000000089400000, 0x0000000089400000| Untracked 
| 109|0x0000000089500000, 0x0000000089500000, 0x0000000089600000|  0%| F|  |TAMS 0x0000000089500000, 0x0000000089500000| Untracked 
| 110|0x0000000089600000, 0x0000000089600000, 0x0000000089700000|  0%| F|  |TAMS 0x0000000089600000, 0x0000000089600000| Untracked 
| 111|0x0000000089700000, 0x0000000089700000, 0x0000000089800000|  0%| F|  |TAMS 0x0000000089700000, 0x0000000089700000| Untracked 
| 112|0x0000000089800000, 0x0000000089900000, 0x0000000089900000|100%| E|  |TAMS 0x0000000089800000, 0x0000000089800000| Complete 
| 113|0x0000000089900000, 0x0000000089a00000, 0x0000000089a00000|100%| E|CS|TAMS 0x0000000089900000, 0x0000000089900000| Complete 
| 114|0x0000000089a00000, 0x0000000089b00000, 0x0000000089b00000|100%| E|CS|TAMS 0x0000000089a00000, 0x0000000089a00000| Complete 
| 115|0x0000000089b00000, 0x0000000089c00000, 0x0000000089c00000|100%| E|CS|TAMS 0x0000000089b00000, 0x0000000089b00000| Complete 
| 116|0x0000000089c00000, 0x0000000089d00000, 0x0000000089d00000|100%| E|CS|TAMS 0x0000000089c00000, 0x0000000089c00000| Complete 
| 117|0x0000000089d00000, 0x0000000089e00000, 0x0000000089e00000|100%| E|CS|TAMS 0x0000000089d00000, 0x0000000089d00000| Complete 
| 118|0x0000000089e00000, 0x0000000089f00000, 0x0000000089f00000|100%| E|  |TAMS 0x0000000089e00000, 0x0000000089e00000| Complete 
| 119|0x0000000089f00000, 0x000000008a000000, 0x000000008a000000|100%| E|CS|TAMS 0x0000000089f00000, 0x0000000089f00000| Complete 
| 120|0x000000008a000000, 0x000000008a100000, 0x000000008a100000|100%| E|CS|TAMS 0x000000008a000000, 0x000000008a000000| Complete 
| 121|0x000000008a100000, 0x000000008a200000, 0x000000008a200000|100%| E|CS|TAMS 0x000000008a100000, 0x000000008a100000| Complete 
| 122|0x000000008a200000, 0x000000008a300000, 0x000000008a300000|100%| E|CS|TAMS 0x000000008a200000, 0x000000008a200000| Complete 
| 123|0x000000008a300000, 0x000000008a400000, 0x000000008a400000|100%| E|CS|TAMS 0x000000008a300000, 0x000000008a300000| Complete 
| 124|0x000000008a400000, 0x000000008a500000, 0x000000008a500000|100%| E|CS|TAMS 0x000000008a400000, 0x000000008a400000| Complete 
| 125|0x000000008a500000, 0x000000008a600000, 0x000000008a600000|100%| E|CS|TAMS 0x000000008a500000, 0x000000008a500000| Complete 

Card table byte_map: [0x000001c999470000,0x000001c999860000] _byte_map_base: 0x000001c99905c000

Marking Bits (Prev, Next): (CMBitMap*) 0x000001c98251c950, (CMBitMap*) 0x000001c98251c990
 Prev Bits: [0x000001c999c50000, 0x000001c99bbb0000)
 Next Bits: [0x000001c99bbb0000, 0x000001c99db10000)

Polling page: 0x000001c980490000

Metaspace:

Usage:
  Non-class:      6.93 MB used.
      Class:    648.71 KB used.
       Both:      7.57 MB used.

Virtual space:
  Non-class space:       16.00 MB reserved,       7.00 MB ( 44%) committed,  2 nodes.
      Class space:        1.00 GB reserved,     704.00 KB ( <1%) committed,  1 nodes.
             Both:        1.02 GB reserved,       7.69 MB ( <1%) committed. 

Chunk freelists:
   Non-Class:  3.02 MB
       Class:  3.25 MB
        Both:  6.27 MB

MaxMetaspaceSize: unlimited
CompressedClassSpaceSize: 1.00 GB
Initial GC threshold: 21.00 MB
Current GC threshold: 21.00 MB
CDS: on
MetaspaceReclaimPolicy: balanced
 - commit_granule_bytes: 65536.
 - commit_granule_words: 8192.
 - virtual_space_node_default_size: 1048576.
 - enlarge_chunks_in_place: 1.
 - new_chunks_are_fully_committed: 0.
 - uncommit_free_chunks: 1.
 - use_allocation_guard: 0.
 - handle_deallocations: 1.


Internal statistics:

num_allocs_failed_limit: 0.
num_arena_births: 116.
num_arena_deaths: 0.
num_vsnodes_births: 3.
num_vsnodes_deaths: 0.
num_space_committed: 121.
num_space_uncommitted: 0.
num_chunks_returned_to_freelist: 0.
num_chunks_taken_from_freelist: 336.
num_chunk_merges: 0.
num_chunk_splits: 244.
num_chunks_enlarged: 196.
num_purges: 0.
num_inconsistent_stats: 0.

CodeHeap 'non-profiled nmethods': size=120000Kb used=483Kb max_used=483Kb free=119516Kb
 bounds [0x000001c991810000, 0x000001c991a80000, 0x000001c998d40000]
CodeHeap 'profiled nmethods': size=120000Kb used=2130Kb max_used=2130Kb free=117869Kb
 bounds [0x000001c989d40000, 0x000001c989fb0000, 0x000001c991270000]
CodeHeap 'non-nmethods': size=5760Kb used=1625Kb max_used=1642Kb free=4134Kb
 bounds [0x000001c991270000, 0x000001c9914e0000, 0x000001c991810000]
 total_blobs=2265 nmethods=1200 adapters=978
 compilation: enabled
              stopped_count=0, restarted_count=0
 full_count=0

Compilation events (20 events):
Event: 7.219 Thread 0x000001c9a0541560 1188       3       java.lang.Math::max (46 bytes)
Event: 7.219 Thread 0x000001c9a0541560 nmethod 1188 0x000001c989f50590 code [0x000001c989f50740, 0x000001c989f50a98]
Event: 7.225 Thread 0x000001c9a0541560 1189       3       java.lang.invoke.MemberName::getType (19 bytes)
Event: 7.226 Thread 0x000001c9a0541560 nmethod 1189 0x000001c989f50b10 code [0x000001c989f50ce0, 0x000001c989f51098]
Event: 7.237 Thread 0x000001c9a053d5c0 1190       4       java.lang.invoke.MethodType::parameterCount (6 bytes)
Event: 7.237 Thread 0x000001c9a053d5c0 nmethod 1190 0x000001c991887e90 code [0x000001c991888000, 0x000001c991888098]
Event: 7.239 Thread 0x000001c9a0541560 1191       3       java.util.HashMap::putVal (300 bytes)
Event: 7.239 Thread 0x000001c9a053d5c0 1192       4       java.lang.String::toString (2 bytes)
Event: 7.240 Thread 0x000001c9a053d5c0 nmethod 1192 0x000001c991888190 code [0x000001c991888300, 0x000001c991888378]
Event: 7.241 Thread 0x000001c9a0541560 nmethod 1191 0x000001c989f51210 code [0x000001c989f514c0, 0x000001c989f52718]
Event: 7.241 Thread 0x000001c9a0541560 1195       3       jdk.internal.org.objectweb.asm.Attribute::computeAttributesSize (62 bytes)
Event: 7.241 Thread 0x000001c9a0541560 nmethod 1195 0x000001c989f52c10 code [0x000001c989f52de0, 0x000001c989f53108]
Event: 7.241 Thread 0x000001c9a0541560 1196       3       jdk.internal.org.objectweb.asm.AnnotationWriter::computeAnnotationsSize (66 bytes)
Event: 7.242 Thread 0x000001c9a0541560 nmethod 1196 0x000001c989f53290 code [0x000001c989f53460, 0x000001c989f53798]
Event: 7.243 Thread 0x000001c9a0541560 1197       3       jdk.internal.org.objectweb.asm.MethodWriter::visitTypeInsn (116 bytes)
Event: 7.244 Thread 0x000001c9a0541560 nmethod 1197 0x000001c989f53990 code [0x000001c989f53b80, 0x000001c989f53f88]
Event: 7.244 Thread 0x000001c9a0541560 1198       3       java.lang.invoke.MethodHandles$Lookup::<init> (84 bytes)
Event: 7.244 Thread 0x000001c9a0541560 nmethod 1198 0x000001c989f54190 code [0x000001c989f54340, 0x000001c989f54578]
Event: 7.245 Thread 0x000001c9a0541560 1200       3       jdk.internal.org.objectweb.asm.Handler::getExceptionTableSize (10 bytes)
Event: 7.245 Thread 0x000001c9a0541560 nmethod 1200 0x000001c989f54610 code [0x000001c989f547c0, 0x000001c989f549b8]

GC Heap History (2 events):
Event: 4.122 GC heap before
{Heap before GC invocations=0 (full 0):
 garbage-first heap   total 129024K, used 22528K [0x0000000082800000, 0x0000000100000000)
  region size 1024K, 23 young (23552K), 0 survivors (0K)
 Metaspace       used 6794K, committed 7040K, reserved 1064960K
  class space    used 526K, committed 640K, reserved 1048576K
}
Event: 4.130 GC heap after
{Heap after GC invocations=1 (full 0):
 garbage-first heap   total 129024K, used 3567K [0x0000000082800000, 0x0000000100000000)
  region size 1024K, 3 young (3072K), 3 survivors (3072K)
 Metaspace       used 6794K, committed 7040K, reserved 1064960K
  class space    used 526K, committed 640K, reserved 1048576K
}

Deoptimization events (20 events):
Event: 4.117 Thread 0x000001c9824c1c00 Uncommon trap: trap_request=0xffffff45 fr.pc=0x000001c99186e934 relative=0x00000000000001f4
Event: 4.117 Thread 0x000001c9824c1c00 Uncommon trap: reason=unstable_if action=reinterpret pc=0x000001c99186e934 method=com.badlogic.gdx.assets.AssetLoadingTask.handleAsyncLoader()V @ 19 c2
Event: 4.117 Thread 0x000001c9824c1c00 DEOPT PACKING pc=0x000001c99186e934 sp=0x0000001bbe3ff070
Event: 4.117 Thread 0x000001c9824c1c00 DEOPT UNPACKING pc=0x000001c9912c23a3 sp=0x0000001bbe3fef40 mode 2
Event: 4.178 Thread 0x000001c9824c1c00 Uncommon trap: trap_request=0xffffff45 fr.pc=0x000001c99186f31c relative=0x00000000000000fc
Event: 4.178 Thread 0x000001c9824c1c00 Uncommon trap: reason=unstable_if action=reinterpret pc=0x000001c99186f31c method=java.util.concurrent.FutureTask.isDone()Z @ 4 c2
Event: 4.178 Thread 0x000001c9824c1c00 DEOPT PACKING pc=0x000001c99186f31c sp=0x0000001bbe3feff0
Event: 4.178 Thread 0x000001c9824c1c00 DEOPT UNPACKING pc=0x000001c9912c23a3 sp=0x0000001bbe3feeb8 mode 2
Event: 4.325 Thread 0x000001c9824c1c00 DEOPT PACKING pc=0x000001c989f0c07f sp=0x0000001bbe3ff100
Event: 4.325 Thread 0x000001c9824c1c00 DEOPT UNPACKING pc=0x000001c9912c2b43 sp=0x0000001bbe3fe608 mode 0
Event: 6.927 Thread 0x000001c9824c1c00 Uncommon trap: trap_request=0x00000022 fr.pc=0x000001c991871d70 relative=0x0000000000001310
Event: 6.928 Thread 0x000001c9824c1c00 Uncommon trap: reason=unloaded action=reinterpret pc=0x000001c991871d70 method=com.badlogic.gdx.assets.AssetLoadingTask.handleAsyncLoader()V @ 59 c2
Event: 6.929 Thread 0x000001c9824c1c00 DEOPT PACKING pc=0x000001c991871d70 sp=0x0000001bbe3ff0c0
Event: 6.929 Thread 0x000001c9824c1c00 DEOPT UNPACKING pc=0x000001c9912c23a3 sp=0x0000001bbe3fef58 mode 2
Event: 6.955 Thread 0x000001c9824c1c00 DEOPT PACKING pc=0x000001c989f0cd93 sp=0x0000001bbe3ff180
Event: 6.955 Thread 0x000001c9824c1c00 DEOPT UNPACKING pc=0x000001c9912c2b43 sp=0x0000001bbe3fe678 mode 0
Event: 6.968 Thread 0x000001c9824c1c00 Uncommon trap: trap_request=0x00000022 fr.pc=0x000001c991873cc4 relative=0x0000000000000e04
Event: 6.968 Thread 0x000001c9824c1c00 Uncommon trap: reason=unloaded action=reinterpret pc=0x000001c991873cc4 method=com.badlogic.gdx.assets.AssetLoadingTask.handleAsyncLoader()V @ 59 c2
Event: 6.968 Thread 0x000001c9824c1c00 DEOPT PACKING pc=0x000001c991873cc4 sp=0x0000001bbe3ff0f0
Event: 6.968 Thread 0x000001c9824c1c00 DEOPT UNPACKING pc=0x000001c9912c23a3 sp=0x0000001bbe3feff0 mode 2

Classes unloaded (0 events):
No events

Classes redefined (0 events):
No events

Internal exceptions (20 events):
Event: 1.100 Thread 0x000001c9824c1c00 Exception <a 'java/lang/NoSuchMethodError'{0x0000000089dbda60}: 'int java.lang.invoke.DirectMethodHandle$Holder.invokeStaticInit(java.lang.Object, java.lang.Object, int, long)'> (0x0000000089dbda60) 
thrown [s\open\src\hotspot\share\interpreter\linkResolver.cpp, line 759]
Event: 1.101 Thread 0x000001c9824c1c00 Exception <a 'java/lang/NoSuchMethodError'{0x0000000089dc3328}: 'java.lang.Object java.lang.invoke.DirectMethodHandle$Holder.newInvokeSpecial(java.lang.Object, java.lang.Object, int)'> (0x0000000089dc3328) 
thrown [s\open\src\hotspot\share\interpreter\linkResolver.cpp, line 759]
Event: 1.107 Thread 0x000001c9824c1c00 Exception <a 'java/lang/NoSuchMethodError'{0x0000000089dd82e0}: 'int java.lang.invoke.DirectMethodHandle$Holder.invokeStaticInit(java.lang.Object, java.lang.Object, long, long)'> (0x0000000089dd82e0) 
thrown [s\open\src\hotspot\share\interpreter\linkResolver.cpp, line 759]
Event: 1.108 Thread 0x000001c9824c1c00 Exception <a 'java/lang/NoSuchMethodError'{0x0000000089dde3f0}: 'java.lang.Object java.lang.invoke.DirectMethodHandle$Holder.newInvokeSpecial(java.lang.Object, java.lang.Object, long)'> (0x0000000089dde3f0) 
thrown [s\open\src\hotspot\share\interpreter\linkResolver.cpp, line 759]
Event: 1.109 Thread 0x000001c9824c1c00 Exception <a 'java/lang/NoSuchMethodError'{0x0000000089de2438}: 'java.lang.Object java.lang.invoke.Invokers$Holder.linkToTargetMethod(java.lang.Object, long, java.lang.Object)'> (0x0000000089de2438) 
thrown [s\open\src\hotspot\share\interpreter\linkResolver.cpp, line 759]
Event: 1.110 Thread 0x000001c9824c1c00 Exception <a 'java/lang/NoSuchMethodError'{0x0000000089de9bb8}: 'int java.lang.invoke.DirectMethodHandle$Holder.invokeStaticInit(java.lang.Object, java.lang.Object, java.lang.Object, long)'> (0x0000000089de9bb8) 
thrown [s\open\src\hotspot\share\interpreter\linkResolver.cpp, line 759]
Event: 1.157 Thread 0x000001c9824c1c00 Exception <a 'sun/nio/fs/WindowsException'{0x0000000089ca63c0}> (0x0000000089ca63c0) 
thrown [s\open\src\hotspot\share\prims\jni.cpp, line 516]
Event: 1.157 Thread 0x000001c9824c1c00 Exception <a 'sun/nio/fs/WindowsException'{0x0000000089ca6750}> (0x0000000089ca6750) 
thrown [s\open\src\hotspot\share\prims\jni.cpp, line 516]
Event: 1.215 Thread 0x000001c9824c1c00 Exception <a 'sun/nio/fs/WindowsException'{0x0000000089b68998}> (0x0000000089b68998) 
thrown [s\open\src\hotspot\share\prims\jni.cpp, line 516]
Event: 1.215 Thread 0x000001c9824c1c00 Exception <a 'sun/nio/fs/WindowsException'{0x0000000089b68cf8}> (0x0000000089b68cf8) 
thrown [s\open\src\hotspot\share\prims\jni.cpp, line 516]
Event: 1.340 Thread 0x000001c9824c1c00 Exception <a 'sun/nio/fs/WindowsException'{0x0000000089a00428}> (0x0000000089a00428) 
thrown [s\open\src\hotspot\share\prims\jni.cpp, line 516]
Event: 1.340 Thread 0x000001c9824c1c00 Exception <a 'sun/nio/fs/WindowsException'{0x0000000089a00a60}> (0x0000000089a00a60) 
thrown [s\open\src\hotspot\share\prims\jni.cpp, line 516]
Event: 2.511 Thread 0x000001c9824c1c00 Exception <a 'java/lang/NoSuchMethodError'{0x0000000089a4c8e0}: 'java.lang.Object java.lang.invoke.DirectMethodHandle$Holder.newInvokeSpecial(java.lang.Object, long)'> (0x0000000089a4c8e0) 
thrown [s\open\src\hotspot\share\interpreter\linkResolver.cpp, line 759]
Event: 3.124 Thread 0x000001c9824c1c00 Exception <a 'sun/nio/fs/WindowsException'{0x0000000089975bf8}> (0x0000000089975bf8) 
thrown [s\open\src\hotspot\share\prims\jni.cpp, line 516]
Event: 3.124 Thread 0x000001c9824c1c00 Exception <a 'sun/nio/fs/WindowsException'{0x0000000089975fa0}> (0x0000000089975fa0) 
thrown [s\open\src\hotspot\share\prims\jni.cpp, line 516]
Event: 3.129 Thread 0x000001c9824c1c00 Exception <a 'sun/nio/fs/WindowsException'{0x0000000089980f00}> (0x0000000089980f00) 
thrown [s\open\src\hotspot\share\prims\jni.cpp, line 516]
Event: 3.129 Thread 0x000001c9824c1c00 Exception <a 'sun/nio/fs/WindowsException'{0x00000000899811e0}> (0x00000000899811e0) 
thrown [s\open\src\hotspot\share\prims\jni.cpp, line 516]
Event: 3.441 Thread 0x000001c9824c1c00 Exception <a 'java/lang/ClassNotFoundException'{0x000000008969a398}: sun/util/logging/resources/spi/loggingProvider> (0x000000008969a398) 
thrown [s\open\src\hotspot\share\classfile\systemDictionary.cpp, line 256]
Event: 3.577 Thread 0x000001c9824c1c00 Exception <a 'java/lang/NoSuchMethodError'{0x0000000089410bd8}: 'int java.lang.invoke.DirectMethodHandle$Holder.invokeVirtual(java.lang.Object, java.lang.Object)'> (0x0000000089410bd8) 
thrown [s\open\src\hotspot\share\interpreter\linkResolver.cpp, line 759]
Event: 3.580 Thread 0x000001c9824c1c00 Exception <a 'java/lang/NoSuchMethodError'{0x000000008941aff8}: 'java.lang.Object java.lang.invoke.Invokers$Holder.invokeExact_MT(java.lang.Object, java.lang.Object, java.lang.Object, java.lang.Object, java.lang.Object, java.lang.Object)'> (0x000000008941aff8) 
thrown [s\open\src\hotspot\share\interpreter\linkResolver.cpp, line 759]

VM Operations (20 events):
Event: 0.776 Executing VM operation: HandshakeAllThreads
Event: 0.776 Executing VM operation: HandshakeAllThreads done
Event: 0.960 Executing VM operation: HandshakeAllThreads
Event: 0.960 Executing VM operation: HandshakeAllThreads done
Event: 1.965 Executing VM operation: Cleanup
Event: 1.965 Executing VM operation: Cleanup done
Event: 2.973 Executing VM operation: Cleanup
Event: 2.973 Executing VM operation: Cleanup done
Event: 3.242 Executing VM operation: HandshakeAllThreads
Event: 3.243 Executing VM operation: HandshakeAllThreads done
Event: 3.484 Executing VM operation: HandshakeAllThreads
Event: 3.484 Executing VM operation: HandshakeAllThreads done
Event: 4.121 Executing VM operation: G1CollectForAllocation
Event: 4.130 Executing VM operation: G1CollectForAllocation done
Event: 5.137 Executing VM operation: Cleanup
Event: 5.137 Executing VM operation: Cleanup done
Event: 6.150 Executing VM operation: Cleanup
Event: 6.150 Executing VM operation: Cleanup done
Event: 7.162 Executing VM operation: Cleanup
Event: 7.163 Executing VM operation: Cleanup done

Events (20 events):
Event: 4.069 loading class java/util/concurrent/locks/AbstractQueuedSynchronizer$Node done
Event: 4.069 loading class java/util/concurrent/locks/AbstractQueuedSynchronizer$ConditionNode done
Event: 4.114 loading class jdk/internal/math/FDBigInteger
Event: 4.115 loading class jdk/internal/math/FDBigInteger done
Event: 4.117 loading class java/util/concurrent/locks/AbstractQueuedSynchronizer$ExclusiveNode
Event: 4.117 loading class java/util/concurrent/locks/AbstractQueuedSynchronizer$ExclusiveNode done
Event: 7.103 loading class jdk/internal/math/FloatingDecimal$ASCIIToBinaryBuffer
Event: 7.108 loading class jdk/internal/math/FloatingDecimal$ASCIIToBinaryBuffer done
Event: 7.122 loading class java/util/regex/Pattern$1
Event: 7.124 loading class java/util/regex/Pattern$1 done
Event: 7.168 loading class jdk/internal/reflect/UnsafeFloatFieldAccessorImpl
Event: 7.169 loading class jdk/internal/reflect/UnsafeFloatFieldAccessorImpl done
Event: 7.213 loading class java/lang/reflect/InvocationTargetException
Event: 7.214 loading class java/lang/reflect/InvocationTargetException done
Event: 7.216 loading class java/lang/NegativeArraySizeException
Event: 7.216 loading class java/lang/NegativeArraySizeException done
Event: 7.216 loading class java/lang/StringIndexOutOfBoundsException
Event: 7.217 loading class java/lang/StringIndexOutOfBoundsException done
Event: 7.217 loading class java/lang/ArrayIndexOutOfBoundsException
Event: 7.218 loading class java/lang/ArrayIndexOutOfBoundsException done


Dynamic libraries:
0x00007ff686780000 - 0x00007ff686790000 	C:\Program Files\Java\jdk-17\bin\java.exe
0x00007ffc56a90000 - 0x00007ffc56c88000 	C:\Windows\SYSTEM32\ntdll.dll
0x00007ffc557b0000 - 0x00007ffc5586d000 	C:\Windows\System32\KERNEL32.DLL
0x00007ffc546c0000 - 0x00007ffc549b6000 	C:\Windows\System32\KERNELBASE.dll
0x00007ffc54340000 - 0x00007ffc54440000 	C:\Windows\System32\ucrtbase.dll
0x00007ffc34cd0000 - 0x00007ffc34ce8000 	C:\Program Files\Java\jdk-17\bin\jli.dll
0x00007ffc34cb0000 - 0x00007ffc34ccb000 	C:\Program Files\Java\jdk-17\bin\VCRUNTIME140.dll
0x00007ffc54b50000 - 0x00007ffc54bfe000 	C:\Windows\System32\ADVAPI32.dll
0x00007ffc55e50000 - 0x00007ffc55eee000 	C:\Windows\System32\msvcrt.dll
0x00007ffc56860000 - 0x00007ffc568fc000 	C:\Windows\System32\sechost.dll
0x00007ffc54ce0000 - 0x00007ffc54e06000 	C:\Windows\System32\RPCRT4.dll
0x00007ffc55cb0000 - 0x00007ffc55e4e000 	C:\Windows\System32\USER32.dll
0x00007ffc54220000 - 0x00007ffc54242000 	C:\Windows\System32\win32u.dll
0x00007ffc55870000 - 0x00007ffc5589c000 	C:\Windows\System32\GDI32.dll
0x00007ffc54440000 - 0x00007ffc5455a000 	C:\Windows\System32\gdi32full.dll
0x00007ffc549c0000 - 0x00007ffc54a5d000 	C:\Windows\System32\msvcp_win.dll
0x00007ffc37f40000 - 0x00007ffc381da000 	C:\Windows\WinSxS\amd64_microsoft.windows.common-controls_6595b64144ccf1df_6.0.19041.1110_none_60b5254171f9507e\COMCTL32.dll
0x00007ffc4d500000 - 0x00007ffc4d50a000 	C:\Windows\SYSTEM32\VERSION.dll
0x00007ffc54e10000 - 0x00007ffc54e40000 	C:\Windows\System32\IMM32.DLL
0x00007ffc35060000 - 0x00007ffc3506c000 	C:\Program Files\Java\jdk-17\bin\vcruntime140_1.dll
0x00007ffc0f150000 - 0x00007ffc0f1de000 	C:\Program Files\Java\jdk-17\bin\msvcp140.dll
0x00007ffbc5b70000 - 0x00007ffbc6747000 	C:\Program Files\Java\jdk-17\bin\server\jvm.dll
0x00007ffc56850000 - 0x00007ffc56858000 	C:\Windows\System32\PSAPI.DLL
0x00007ffc398e0000 - 0x00007ffc39907000 	C:\Windows\SYSTEM32\WINMM.dll
0x00007ffc41cd0000 - 0x00007ffc41cd9000 	C:\Windows\SYSTEM32\WSOCK32.dll
0x00007ffc555c0000 - 0x00007ffc5562b000 	C:\Windows\System32\WS2_32.dll
0x00007ffc52990000 - 0x00007ffc529a2000 	C:\Windows\SYSTEM32\kernel.appcore.dll
0x00007ffc34e30000 - 0x00007ffc34e3a000 	C:\Program Files\Java\jdk-17\bin\jimage.dll
0x00007ffc526a0000 - 0x00007ffc52884000 	C:\Windows\SYSTEM32\DBGHELP.DLL
0x00007ffc4ab90000 - 0x00007ffc4abc4000 	C:\Windows\SYSTEM32\dbgcore.DLL
0x00007ffc54a60000 - 0x00007ffc54ae2000 	C:\Windows\System32\bcryptPrimitives.dll
0x00007ffc34040000 - 0x00007ffc34065000 	C:\Program Files\Java\jdk-17\bin\java.dll
0x00007ffc0e110000 - 0x00007ffc0e1e7000 	C:\Program Files\Java\jdk-17\bin\jsvml.dll
0x00007ffc55fd0000 - 0x00007ffc56715000 	C:\Windows\System32\SHELL32.dll
0x00007ffc51e30000 - 0x00007ffc525cb000 	C:\Windows\SYSTEM32\windows.storage.dll
0x00007ffc55950000 - 0x00007ffc55ca4000 	C:\Windows\System32\combase.dll
0x00007ffc53bb0000 - 0x00007ffc53bde000 	C:\Windows\SYSTEM32\Wldp.dll
0x00007ffc558a0000 - 0x00007ffc5594d000 	C:\Windows\System32\SHCORE.dll
0x00007ffc550f0000 - 0x00007ffc55145000 	C:\Windows\System32\shlwapi.dll
0x00007ffc540a0000 - 0x00007ffc540c5000 	C:\Windows\SYSTEM32\profapi.dll
0x00007ffc34020000 - 0x00007ffc34039000 	C:\Program Files\Java\jdk-17\bin\net.dll
0x00007ffc4cf60000 - 0x00007ffc4d06a000 	C:\Windows\SYSTEM32\WINHTTP.dll
0x00007ffc53910000 - 0x00007ffc5397a000 	C:\Windows\system32\mswsock.dll
0x00007ffc241d0000 - 0x00007ffc241e6000 	C:\Program Files\Java\jdk-17\bin\nio.dll
0x00007ffc22c40000 - 0x00007ffc22c58000 	C:\Program Files\Java\jdk-17\bin\zip.dll
0x00007ffc32d90000 - 0x00007ffc32da0000 	C:\Program Files\Java\jdk-17\bin\verify.dll
0x0000000065a20000 - 0x0000000065a49000 	C:\Users\angus\AppData\Local\Temp\libgdxangus\e787ab0a\gdx64.dll
0x00007ffc1d0c0000 - 0x00007ffc1d135000 	C:\Users\angus\AppData\Local\Temp\lwjglangus\3.3.1-build-7\lwjgl.dll
0x00007ffc0cfc0000 - 0x00007ffc0d219000 	C:\Users\angus\AppData\Local\Temp\lwjglangus\3.3.1-build-7\jemalloc.dll
0x00007ffc16860000 - 0x00007ffc168c1000 	C:\Users\angus\AppData\Local\Temp\lwjglangus\3.3.1-build-7\glfw.dll
0x00007ffc173e0000 - 0x00007ffc17425000 	C:\Windows\SYSTEM32\dinput8.dll
0x00007ffc36e00000 - 0x00007ffc36e11000 	C:\Windows\SYSTEM32\xinput1_4.dll
0x00007ffc542c0000 - 0x00007ffc5430e000 	C:\Windows\System32\cfgmgr32.dll
0x00007ffc53f20000 - 0x00007ffc53f53000 	C:\Windows\SYSTEM32\DEVOBJ.dll
0x00007ffc51960000 - 0x00007ffc5198f000 	C:\Windows\SYSTEM32\dwmapi.dll
0x00007ffc3d1d0000 - 0x00007ffc3d322000 	C:\Windows\SYSTEM32\inputhost.dll
0x00007ffc556e0000 - 0x00007ffc557ad000 	C:\Windows\System32\OLEAUT32.dll
0x00007ffc51600000 - 0x00007ffc516f6000 	C:\Windows\SYSTEM32\PROPSYS.dll
0x00007ffc4f4b0000 - 0x00007ffc4f605000 	C:\Windows\SYSTEM32\wintypes.dll
0x00007ffc50b70000 - 0x00007ffc50c62000 	C:\Windows\SYSTEM32\CoreMessaging.dll
0x00007ffc50810000 - 0x00007ffc50b6e000 	C:\Windows\SYSTEM32\CoreUIComponents.dll
0x00007ffc532d0000 - 0x00007ffc53303000 	C:\Windows\SYSTEM32\ntmarta.dll
0x00007ffc50f30000 - 0x00007ffc50fce000 	C:\Windows\system32\uxtheme.dll
0x00007ffc56930000 - 0x00007ffc56a44000 	C:\Windows\System32\MSCTF.dll
0x00007ffbf24e0000 - 0x00007ffbf2677000 	C:\Users\angus\AppData\Local\Temp\lwjglangus\3.3.1-build-7\OpenAL.dll
0x00007ffc56720000 - 0x00007ffc5684a000 	C:\Windows\System32\ole32.dll
0x00007ffc55630000 - 0x00007ffc556d9000 	C:\Windows\System32\clbcatq.dll
0x00007ffc4cae0000 - 0x00007ffc4cb65000 	C:\Windows\System32\MMDevApi.dll
0x00007ffc4cdd0000 - 0x00007ffc4cf52000 	C:\Windows\SYSTEM32\AUDIOSES.DLL
0x00007ffc536d0000 - 0x00007ffc5371b000 	C:\Windows\SYSTEM32\powrprof.dll
0x00007ffc53590000 - 0x00007ffc535a2000 	C:\Windows\SYSTEM32\UMPDC.dll
0x00007ffc51860000 - 0x00007ffc51874000 	C:\Windows\SYSTEM32\resourcepolicyclient.dll
0x00007ffc3f350000 - 0x00007ffc3f475000 	C:\Windows\SYSTEM32\opengl32.dll
0x00007ffc3e8a0000 - 0x00007ffc3e8cc000 	C:\Windows\SYSTEM32\GLU32.dll
0x00007ffc4b3c0000 - 0x00007ffc4b4c2000 	C:\Windows\System32\AppXDeploymentClient.dll
0x00007ffbc3ab0000 - 0x00007ffbc4a74000 	C:\Windows\System32\DriverStore\FileRepository\iigd_dch.inf_amd64_4de65d949492707a\ig9icd64.dll
0x00007ffc52a00000 - 0x00007ffc52af3000 	C:\Windows\system32\dxgi.dll
0x00007ffbcf7c0000 - 0x00007ffbcfbfc000 	C:\Windows\System32\DriverStore\FileRepository\iigd_dch.inf_amd64_4de65d949492707a\igdml64.dll
0x00007ffc462e0000 - 0x00007ffc46616000 	C:\Windows\System32\DriverStore\FileRepository\iigd_dch.inf_amd64_4de65d949492707a\igdgmm64.dll
0x00007ffc43550000 - 0x00007ffc462df000 	C:\Windows\System32\DriverStore\FileRepository\iigd_dch.inf_amd64_4de65d949492707a\igc64.dll
0x00007ffc111d0000 - 0x00007ffc1122d000 	C:\Users\angus\AppData\Local\Temp\lwjglangus\3.3.1-build-7\lwjgl_opengl.dll
0x00007ffc3bd90000 - 0x00007ffc3be8a000 	C:\Windows\SYSTEM32\textinputframework.dll
0x00007ffc4e380000 - 0x00007ffc4e3e6000 	C:\Windows\system32\Oleacc.dll

dbghelp: loaded successfully - version: 4.0.5 - missing functions: none
symbol engine: initialized successfully - sym options: 0x614 - pdb path: .;C:\Program Files\Java\jdk-17\bin;C:\Windows\SYSTEM32;C:\Windows\WinSxS\amd64_microsoft.windows.common-controls_6595b64144ccf1df_6.0.19041.1110_none_60b5254171f9507e;C:\Program Files\Java\jdk-17\bin\server;C:\Users\angus\AppData\Local\Temp\libgdxangus\e787ab0a;C:\Users\angus\AppData\Local\Temp\lwjglangus\3.3.1-build-7;C:\Windows\System32\DriverStore\FileRepository\iigd_dch.inf_amd64_4de65d949492707a

VM Arguments:
jvm_args: -Dfile.encoding=windows-1252 -Duser.country=AU -Duser.language=en -Duser.variant 
java_command: com.csse3200.game.desktop.DesktopLauncher
java_class_path (initial): C:\Users\angus\Documents\Study\2023\Sem 2\COMP3200\Projects\2023-studio-1\source\desktop\build\classes\java\main;C:\Users\angus\Documents\Study\2023\Sem 2\COMP3200\Projects\2023-studio-1\source\desktop\build\resources\main;C:\Users\angus\.gradle\caches\modules-2\files-2.1\com.badlogicgames.gdx\gdx-backend-lwjgl3\1.11.0\58a96db4cd349be4292d547856aa1e1c5f065f4e\gdx-backend-lwjgl3-1.11.0.jar;C:\Users\angus\.gradle\caches\modules-2\files-2.1\com.badlogicgames.gdx\gdx-platform\1.11.0\697fb13eada6d3c6ca648c9788692b0159add126\gdx-platform-1.11.0-natives-desktop.jar;C:\Users\angus\.gradle\caches\modules-2\files-2.1\com.badlogicgames.gdx\gdx-box2d-platform\1.11.0\62ff9baa1e57a11e0a4428a38c9660bf9f312fdc\gdx-box2d-platform-1.11.0-natives-desktop.jar;C:\Users\angus\.gradle\caches\modules-2\files-2.1\com.badlogicgames.gdx\gdx-tools\1.11.0\a5d30eafd0f2fbab314efdf6d98ebc27388b7c0a\gdx-tools-1.11.0.jar;C:\Users\angus\.gradle\caches\modules-2\files-2.1\com.badlogicgames.gdx-controllers\gdx-controllers-desktop\2.2.2\625b3bdbe803e9c4af181b4791202cfcf776d805\gdx-controllers-desktop-2.2.2.jar;C:\Users\angus\Documents\Study\2023\Sem 2\COMP3200\Projects\2023-studio-1\source\core\build\libs\core-1.0.jar;C:\Users\angus\.gradle\caches\modules-2\files-2.1\com.badlogicgames.gdx\gdx-backend-lwjgl\1.11.0\33555a2cf8b4d9db4122b2fe42e7674b343d8b4\gdx-backend-lwjgl-1.11.0.jar;C:\Users\angus\.gradle\caches\modules-2\files-2.1\com.badlogicgames.gdx\gdx-freetype\1.11.0\a3634ad2e6c56d251268d6ab5c0f66eee2841f2c\gdx-freetype-1.11.0.jar;C:\Users\angus\.gradle\caches\modules-2\files-2.1\com.badlogicgames.gdx\gdx-backend-headless\1.11.0\3c3d0c951db72891d894df1725d09179fd0bca00\gdx-backend-headless-1.11.0.jar;C:\Users\angus\.gradle\caches\modules-2\files-2.1\com.badlogicgames.gdx-controllers\gdx-controllers-core\2.2.2\25473efe9273912a03a4871a9e1469b41d86face\gdx-controllers-core-2.2.2.jar;C:\Users\angus\.gradle\caches\modules-2\files-2.1\net.dermetfan.libgdx-utils\libgdx-utils-bo
Launcher Type: SUN_STANDARD

[Global flags]
     intx CICompilerCount                          = 4                                         {product} {ergonomic}
     uint ConcGCThreads                            = 2                                         {product} {ergonomic}
     uint G1ConcRefinementThreads                  = 8                                         {product} {ergonomic}
   size_t G1HeapRegionSize                         = 1048576                                   {product} {ergonomic}
    uintx GCDrainStackTargetSize                   = 64                                        {product} {ergonomic}
   size_t InitialHeapSize                          = 132120576                                 {product} {ergonomic}
   size_t MarkStackSize                            = 4194304                                   {product} {ergonomic}
   size_t MaxHeapSize                              = 2105540608                                {product} {ergonomic}
   size_t MaxNewSize                               = 1262485504                                {product} {ergonomic}
   size_t MinHeapDeltaBytes                        = 1048576                                   {product} {ergonomic}
   size_t MinHeapSize                              = 8388608                                   {product} {ergonomic}
    uintx NonNMethodCodeHeapSize                   = 5839372                                {pd product} {ergonomic}
    uintx NonProfiledCodeHeapSize                  = 122909434                              {pd product} {ergonomic}
    uintx ProfiledCodeHeapSize                     = 122909434                              {pd product} {ergonomic}
    uintx ReservedCodeCacheSize                    = 251658240                              {pd product} {ergonomic}
     bool SegmentedCodeCache                       = true                                      {product} {ergonomic}
   size_t SoftMaxHeapSize                          = 2105540608                             {manageable} {ergonomic}
     bool UseCompressedClassPointers               = true                           {product lp64_product} {ergonomic}
     bool UseCompressedOops                        = true                           {product lp64_product} {ergonomic}
     bool UseG1GC                                  = true                                      {product} {ergonomic}
     bool UseLargePagesIndividualAllocation        = false                                  {pd product} {ergonomic}

Logging:
Log output configuration:
 #0: stdout all=warning uptime,level,tags
 #1: stderr all=off uptime,level,tags

Environment Variables:
JAVA_HOME=C:\Program Files\Java\jdk-17
PATH=C:\Program Files\Java\jdk-17\bin;C:\Windows\system32;C:\Windows;C:\Windows\System32\Wbem;C:\Windows\System32\WindowsPowerShell\v1.0\;C:\Program Files\Git\bin;C:\Program Files\Git\cmd;C:\Program Files\CMake\bin;C:\Program Files (x86)\Windows Kits\10\Windows Performance Toolkit\;C:\Ninja;C:\Program Files\dotnet\;C:\Users\angus\AppData\Local\Programs\Python\Python311\Scripts\;C:\Users\angus\AppData\Local\Programs\Python\Python311\;C:\Users\angus\AppData\Local\Programs\Python\Python310\Scripts\;C:\Users\angus\AppData\Local\Programs\Python\Python310\;C:\Users\angus\AppData\Local\Microsoft\WindowsApps;C:\Users\angus\AppData\Local\Programs\Microsoft VS Code\bin;C:\Users\angus\.dotnet\tools;C:\Users\angus\AppData\Roaming\npm
USERNAME=angus
OS=Windows_NT
PROCESSOR_IDENTIFIER=Intel64 Family 6 Model 142 Stepping 10, GenuineIntel



---------------  S Y S T E M  ---------------

OS:
 Windows 10 , 64 bit Build 19041 (10.0.19041.3393)
OS uptime: 11 days 13:34 hours

CPU: total 8 (initial active 8) (4 cores per cpu, 2 threads per core) family 6 model 142 stepping 10 microcode 0xca, cx8, cmov, fxsr, ht, mmx, 3dnowpref, sse, sse2, sse3, ssse3, sse4.1, sse4.2, popcnt, lzcnt, tsc, tscinvbit, avx, avx2, aes, erms, clmul, bmi1, bmi2, adx, fma, vzeroupper, clflush, clflushopt

Memory: 4k page, system-wide physical 8025M (197M free)
TotalPageFile size 32601M (AvailPageFile size 9M)
current process WorkingSet (physical memory assigned to process): 502M, peak: 504M
current process commit charge ("private bytes"): 743M, peak: 746M

vm_info: Java HotSpot(TM) 64-Bit Server VM (17.0.6+9-LTS-190) for windows-amd64 JRE (17.0.6+9-LTS-190), built on Dec  6 2022 15:53:54 by "mach5one" with MS VC++ 17.1 (VS2022)

END.
